<?xml version="1.0" encoding="UTF-8"?>
<testsuite xmlns:xsi="http://www.w3.org/2001/XMLSchema-instance" xsi:noNamespaceSchemaLocation="https://maven.apache.org/surefire/maven-surefire-plugin/xsd/surefire-test-report-3.0.xsd" version="3.0" name="api.LoginTest" time="9.965" tests="5" errors="0" skipped="0" failures="0">
  <properties>
[...]
</properties>
  <testcase name="testSearchByProductNumber" classname="api.LoginTest" time="3.59">
    <system-out><![CDATA[2024-03-26T09:18:56.031418500Z main DEBUG Apache Log4j Core 2.23 initializing configuration XmlConfiguration[location=C:\Olga Bernat\Java\taf-onliner-by\target\classes\log4j2.xml]
2024-03-26T09:18:56.045379900Z main WARN The use of package scanning to locate plugins is deprecated and will be removed in a future release
2024-03-26T09:18:56.060341200Z main DEBUG Took 0,009445 seconds to load 0 plugins from package org.apache.logging.log4j.test
2024-03-26T09:18:56.061336900Z main DEBUG PluginManager 'Core' found 131 plugins
2024-03-26T09:18:56.061336900Z main WARN The use of package scanning to locate plugins is deprecated and will be removed in a future release
2024-03-26T09:18:56.062333900Z main DEBUG PluginManager 'Level' found 0 plugins
2024-03-26T09:18:56.071311100Z main WARN The use of package scanning to locate plugins is deprecated and will be removed in a future release
2024-03-26T09:18:56.072307800Z main DEBUG PluginManager 'Lookup' found 16 plugins
2024-03-26T09:18:56.076297800Z main DEBUG Building Plugin[name=filter, class=org.apache.logging.log4j.core.filter.ThresholdFilter].
2024-03-26T09:18:56.102227900Z main DEBUG PluginManager 'TypeConverter' found 26 plugins
2024-03-26T09:18:56.117188200Z main DEBUG createFilter(level="TRACE", onMatch="null", onMismatch="null")
2024-03-26T09:18:56.117188200Z main DEBUG Building Plugin[name=layout, class=org.apache.logging.log4j.core.layout.PatternLayout].
2024-03-26T09:18:56.138133900Z main DEBUG PatternLayout$Builder(pattern="%m %n", PatternSelector=null, Configuration(XMLConfigTest), Replace=null, charset="null", alwaysWriteExceptions="null", disableAnsi="null", noConsoleNoAnsi="null", header="null", footer="null")
2024-03-26T09:18:56.139135900Z main WARN The use of package scanning to locate plugins is deprecated and will be removed in a future release
2024-03-26T09:18:56.139135900Z main DEBUG PluginManager 'Converter' found 45 plugins
2024-03-26T09:18:56.142120800Z main DEBUG Building Plugin[name=appender, class=org.apache.logging.log4j.core.appender.ConsoleAppender].
2024-03-26T09:18:56.164064200Z main DEBUG ConsoleAppender$Builder(target="null", follow="null", direct="null", bufferedIo="null", bufferSize="null", immediateFlush="null", ignoreExceptions="null", PatternLayout(%m %n), name="STDOUT", Configuration(XMLConfigTest), Filter=null, ={})
2024-03-26T09:18:56.170046300Z main DEBUG Starting OutputStreamManager SYSTEM_OUT.false.false
2024-03-26T09:18:56.171043200Z main DEBUG Building Plugin[name=layout, class=org.apache.logging.log4j.core.layout.PatternLayout].
2024-03-26T09:18:56.173038Z main DEBUG PatternLayout$Builder(pattern="%d %p %c{1.} [%t] %m%n", PatternSelector=null, Configuration(XMLConfigTest), Replace=null, charset="null", alwaysWriteExceptions="null", disableAnsi="null", noConsoleNoAnsi="null", header="null", footer="null")
2024-03-26T09:18:56.196976600Z main DEBUG Building Plugin[name=TimeBasedTriggeringPolicy, class=org.apache.logging.log4j.core.appender.rolling.TimeBasedTriggeringPolicy].
2024-03-26T09:18:56.209940Z main DEBUG TimeBasedTriggeringPolicy$Builder(interval="1", modulate="null", maxRandomDelay="null")
2024-03-26T09:18:56.209940Z main DEBUG Building Plugin[name=SizeBasedTriggeringPolicy, class=org.apache.logging.log4j.core.appender.rolling.SizeBasedTriggeringPolicy].
2024-03-26T09:18:56.210935800Z main DEBUG createPolicy(size="250 MB")
2024-03-26T09:18:56.212930400Z main DEBUG Building Plugin[name=Policies, class=org.apache.logging.log4j.core.appender.rolling.CompositeTriggeringPolicy].
2024-03-26T09:18:56.212930400Z main DEBUG createPolicy(={TimeBasedTriggeringPolicy(nextRolloverMillis=0, interval=1, modulate=false), SizeBasedTriggeringPolicy(size=262144000)})
2024-03-26T09:18:56.213929700Z main DEBUG Building Plugin[name=appender, class=org.apache.logging.log4j.core.appender.RollingFileAppender].
2024-03-26T09:18:56.218916Z main DEBUG RollingFileAppender$Builder(fileName="logs/log4j2.log", filePattern="logs/${date:yyyy-MM}/app-%d{MM-dd-yyyy}-%i.log.gz", append="null", locking="null", Policies(CompositeTriggeringPolicy(policies=[TimeBasedTriggeringPolicy(nextRolloverMillis=0, interval=1, modulate=false), SizeBasedTriggeringPolicy(size=262144000)])), Strategy=null, advertise="null", advertiseUri="null", createOnDemand="null", filePermissions="null", fileOwner="null", fileGroup="null", bufferedIo="null", bufferSize="null", immediateFlush="null", ignoreExceptions="null", PatternLayout(%d %p %c{1.} [%t] %m%n), name="rollingFile", Configuration(XMLConfigTest), Filter=null, ={})
2024-03-26T09:18:56.246843700Z main DEBUG Returning file creation time for C:\Olga Bernat\Java\taf-onliner-by\logs\log4j2.log
2024-03-26T09:18:56.247841800Z main DEBUG Starting RollingFileManager logs/log4j2.log
2024-03-26T09:18:56.251828400Z main DEBUG PluginManager 'FileConverter' found 2 plugins
2024-03-26T09:18:56.266787Z main DEBUG Setting prev file time to 2024-03-26T12:07:14.846+0300
2024-03-26T09:18:56.267784100Z main DEBUG Initializing triggering policy CompositeTriggeringPolicy(policies=[TimeBasedTriggeringPolicy(nextRolloverMillis=0, interval=1, modulate=false), SizeBasedTriggeringPolicy(size=262144000)])
2024-03-26T09:18:56.267784100Z main DEBUG Initializing triggering policy TimeBasedTriggeringPolicy(nextRolloverMillis=0, interval=1, modulate=false)
2024-03-26T09:18:56.268781100Z main DEBUG Initializing triggering policy SizeBasedTriggeringPolicy(size=262144000)
2024-03-26T09:18:56.268781100Z main DEBUG Building Plugin[name=appenders, class=org.apache.logging.log4j.core.config.AppendersPlugin].
2024-03-26T09:18:56.269778400Z main DEBUG createAppenders(={STDOUT, rollingFile})
2024-03-26T09:18:56.269778400Z main DEBUG Building Plugin[name=AppenderRef, class=org.apache.logging.log4j.core.config.AppenderRef].
2024-03-26T09:18:56.270778300Z main DEBUG createAppenderRef(ref="STDOUT", level="null", Filter=null)
2024-03-26T09:18:56.270778300Z main DEBUG Building Plugin[name=AppenderRef, class=org.apache.logging.log4j.core.config.AppenderRef].
2024-03-26T09:18:56.271774900Z main DEBUG createAppenderRef(ref="rollingFile", level="null", Filter=null)
2024-03-26T09:18:56.271774900Z main DEBUG Building Plugin[name=root, class=org.apache.logging.log4j.core.config.LoggerConfig$RootLogger].
2024-03-26T09:18:56.275763800Z main DEBUG LoggerConfig$RootLogger$Builder(additivity="null", level="INFO", levelAndRefs="null", includeLocation="null", ={STDOUT, rollingFile}, ={}, Configuration(XMLConfigTest), Filter=null)
2024-03-26T09:18:56.280751400Z main DEBUG Building Plugin[name=loggers, class=org.apache.logging.log4j.core.config.LoggersPlugin].
2024-03-26T09:18:56.282744400Z main DEBUG createLoggers(={root})
2024-03-26T09:18:56.282744400Z main DEBUG Configuration XmlConfiguration[location=C:\Olga Bernat\Java\taf-onliner-by\target\classes\log4j2.xml] initialized
2024-03-26T09:18:56.283741400Z main DEBUG Starting configuration XmlConfiguration[location=C:\Olga Bernat\Java\taf-onliner-by\target\classes\log4j2.xml]
2024-03-26T09:18:56.283741400Z main DEBUG Started configuration XmlConfiguration[location=C:\Olga Bernat\Java\taf-onliner-by\target\classes\log4j2.xml] OK.
2024-03-26T09:18:56.284751500Z main DEBUG Shutting down OutputStreamManager SYSTEM_OUT.false.false-1
2024-03-26T09:18:56.285738600Z main DEBUG OutputStream closed
2024-03-26T09:18:56.285738600Z main DEBUG Shut down OutputStreamManager SYSTEM_OUT.false.false-1, all resources released: true
2024-03-26T09:18:56.285738600Z main DEBUG Appender DefaultConsole-1 stopped with status true
2024-03-26T09:18:56.286735800Z main DEBUG Stopped org.apache.logging.log4j.core.config.DefaultConfiguration@38f63756 OK
2024-03-26T09:18:56.411324100Z main DEBUG Registering MBean org.apache.logging.log4j2:type=266474c2
2024-03-26T09:18:56.415314600Z main DEBUG Registering MBean org.apache.logging.log4j2:type=266474c2,component=StatusLogger
2024-03-26T09:18:56.419304500Z main DEBUG Registering MBean org.apache.logging.log4j2:type=266474c2,component=ContextSelector
2024-03-26T09:18:56.423293Z main DEBUG Registering MBean org.apache.logging.log4j2:type=266474c2,component=Loggers,name=
2024-03-26T09:18:56.426287200Z main DEBUG Registering MBean org.apache.logging.log4j2:type=266474c2,component=Appenders,name=rollingFile
2024-03-26T09:18:56.427285300Z main DEBUG Registering MBean org.apache.logging.log4j2:type=266474c2,component=Appenders,name=STDOUT
2024-03-26T09:18:56.434261Z main DEBUG org.apache.logging.log4j.core.util.SystemClock supports precise timestamps.
2024-03-26T09:18:56.434261Z main DEBUG Reconfiguration complete for context[name=266474c2] at URI C:\Olga Bernat\Java\taf-onliner-by\target\classes\log4j2.xml (org.apache.logging.log4j.core.LoggerContext@782143e8) with optional ClassLoader: null
2024-03-26T09:18:56.435261300Z main DEBUG Shutdown hook enabled. Registering a new one.
2024-03-26T09:18:56.438254300Z main DEBUG LoggerContext[name=266474c2, org.apache.logging.log4j.core.LoggerContext@782143e8] started OK.
]]></system-out>
  </testcase>
  <testcase name="testEmptyLoginAndPassword" classname="api.LoginTest" time="2.357"/>
  <testcase name="testInvalidEmail" classname="api.LoginTest" time="0.872"/>
  <testcase name="testInvalidLogin" classname="api.LoginTest" time="0.376"/>
  <testcase name="testValidLoginAndPassword" classname="api.LoginTest" time="0.39"/>
</testsuite>